<?xml version="1.0" encoding="UTF-8"?>
<!-- Generated by org.testng.reporters.JUnitXMLReporter -->
<testsuite ignored="3" hostname="LAPTOP-SEER9G24" failures="0" tests="4" name="RegressionTest" time="21.821" errors="0" timestamp="2024-09-02T16:36:27 IST">
  <testcase classname="seleniumKT.UserRegistor" name="HandleMouseOverEvents" time="6.563"/>
  <testcase classname="seleniumKT.UserRegistor" name="HandleMouseOverEvents" time="6.225"/>
  <testcase classname="seleniumKT.UserRegistor" name="HandleMouseOverEvents" time="6.688"/>
  <testcase classname="seleniumKT.UserRegistor" name="HandleMouseOverEvents" time="2.29"/>
  <testcase classname="seleniumKT.UserRegistor" name="userLogin" time="0.0">
    <ignored/>
  </testcase> <!-- userLogin -->
  <testcase classname="seleniumKT.UserRegistor" name="HandleDropdownlist" time="0.0">
    <ignored/>
  </testcase> <!-- HandleDropdownlist -->
  <testcase classname="seleniumKT.UserRegistor" name="HandleWindow" time="0.0">
    <ignored/>
  </testcase> <!-- HandleWindow -->
</testsuite> <!-- RegressionTest -->
