<?xml version="1.0" encoding="UTF-8"?>
<!-- Generated by org.testng.reporters.JUnitXMLReporter -->
<testsuite ignored="3" hostname="LAPTOP-SEER9G24" failures="0" tests="1" name="Default test" time="9.203" errors="0" timestamp="2024-09-01T23:02:56 IST">
  <testcase classname="seleniumKT.UserRegistor" name="HandleMouseOverEvents" time="9.157"/>
  <testcase classname="seleniumKT.UserRegistor" name="userLogin" time="0.0">
    <ignored/>
  </testcase> <!-- userLogin -->
  <testcase classname="seleniumKT.UserRegistor" name="HandleDropdownlist" time="0.0">
    <ignored/>
  </testcase> <!-- HandleDropdownlist -->
  <testcase classname="seleniumKT.UserRegistor" name="HandleWindow" time="0.0">
    <ignored/>
  </testcase> <!-- HandleWindow -->
</testsuite> <!-- Default test -->
