<?xml version="1.0" encoding="UTF-8"?>
<testng-results ignored="0" total="3" passed="3" failed="0" skipped="0">
  <reporter-output>
  </reporter-output>
  <suite started-at="2024-09-02T17:21:05 IST" name="C360 Project" finished-at="2024-09-02T17:22:15 IST" duration-ms="70242">
    <groups>
      <group name="regression">
        <method signature="UserRegistor.HandleDropdownlist()[pri:0, instance:seleniumKT.UserRegistor@67c27493]" name="HandleDropdownlist" class="seleniumKT.UserRegistor"/>
        <method signature="UserRegistor.userLogin(java.lang.String,java.lang.String,java.lang.String,java.lang.String)[pri:0, instance:seleniumKT.UserRegistor@67c27493]" name="userLogin" class="seleniumKT.UserRegistor"/>
      </group> <!-- regression -->
    </groups>
    <test started-at="2024-09-02T17:21:05 IST" name="RegressionTest" finished-at="2024-09-02T17:22:15 IST" duration-ms="70242">
      <class name="seleniumKT.UserRegistor">
        <test-method signature="HandleDropdownlist()[pri:0, instance:seleniumKT.UserRegistor@67c27493]" started-at="2024-09-02T17:21:05 IST" name="HandleDropdownlist" finished-at="2024-09-02T17:21:13 IST" duration-ms="7866" status="PASS">
          <reporter-output>
          </reporter-output>
        </test-method> <!-- HandleDropdownlist -->
        <test-method signature="userLogin(java.lang.String,java.lang.String,java.lang.String,java.lang.String)[pri:0, instance:seleniumKT.UserRegistor@67c27493]" started-at="2024-09-02T17:21:14 IST" name="userLogin" data-provider="getLoginUserData" finished-at="2024-09-02T17:21:44 IST" duration-ms="30252" status="PASS">
          <params>
            <param index="0">
              <value>
                <![CDATA[Mahesh]]>
              </value>
            </param>
            <param index="1">
              <value>
                <![CDATA[Kolukondu]]>
              </value>
            </param>
            <param index="2">
              <value>
                <![CDATA[mahesh@test.com]]>
              </value>
            </param>
            <param index="3">
              <value>
                <![CDATA[Kvm@1987]]>
              </value>
            </param>
          </params>
          <reporter-output>
          </reporter-output>
        </test-method> <!-- userLogin -->
        <test-method signature="userLogin(java.lang.String,java.lang.String,java.lang.String,java.lang.String)[pri:0, instance:seleniumKT.UserRegistor@67c27493]" started-at="2024-09-02T17:21:44 IST" name="userLogin" data-provider="getLoginUserData" finished-at="2024-09-02T17:22:15 IST" duration-ms="31306" status="PASS">
          <params>
            <param index="0">
              <value>
                <![CDATA[Bhavani]]>
              </value>
            </param>
            <param index="1">
              <value>
                <![CDATA[Kolukondu]]>
              </value>
            </param>
            <param index="2">
              <value>
                <![CDATA[bhavani@test.com]]>
              </value>
            </param>
            <param index="3">
              <value>
                <![CDATA[bhavn@123]]>
              </value>
            </param>
          </params>
          <reporter-output>
          </reporter-output>
        </test-method> <!-- userLogin -->
      </class> <!-- seleniumKT.UserRegistor -->
    </test> <!-- RegressionTest -->
  </suite> <!-- C360 Project -->
</testng-results>
